0 info it worked if it ends with ok
1 verbose cli [ '/usr/local/bin/node',
1 verbose cli   '/usr/local/bin/npm',
1 verbose cli   'run',
1 verbose cli   'test:watch' ]
2 info using npm@3.9.5
3 info using node@v6.2.2
4 verbose run-script [ 'pretest:watch', 'test:watch', 'posttest:watch' ]
5 info lifecycle city-guide-app@1.0.0~pretest:watch: city-guide-app@1.0.0
6 silly lifecycle city-guide-app@1.0.0~pretest:watch: no script for pretest:watch, continuing
7 info lifecycle city-guide-app@1.0.0~test:watch: city-guide-app@1.0.0
8 verbose lifecycle city-guide-app@1.0.0~test:watch: unsafe-perm in lifecycle true
9 verbose lifecycle city-guide-app@1.0.0~test:watch: PATH: /usr/local/lib/node_modules/npm/bin/node-gyp-bin:/home/pbweb/web/node/cityguide/node_modules/.bin:/usr/local/bin:/usr/local/heroku/bin:/usr/local/sbin:/usr/local/bin:/usr/sbin:/usr/bin:/sbin:/bin:/usr/games:/usr/local/games
10 verbose lifecycle city-guide-app@1.0.0~test:watch: CWD: /home/pbweb/web/node/cityguide
11 silly lifecycle city-guide-app@1.0.0~test:watch: Args: [ '-c', 'npm run test -- --watch' ]
12 silly lifecycle city-guide-app@1.0.0~test:watch: Returned: code: 1  signal: null
13 info lifecycle city-guide-app@1.0.0~test:watch: Failed to exec test:watch script
14 verbose stack Error: city-guide-app@1.0.0 test:watch: `npm run test -- --watch`
14 verbose stack Exit status 1
14 verbose stack     at EventEmitter.<anonymous> (/usr/local/lib/node_modules/npm/lib/utils/lifecycle.js:245:16)
14 verbose stack     at emitTwo (events.js:106:13)
14 verbose stack     at EventEmitter.emit (events.js:191:7)
14 verbose stack     at ChildProcess.<anonymous> (/usr/local/lib/node_modules/npm/lib/utils/spawn.js:24:14)
14 verbose stack     at emitTwo (events.js:106:13)
14 verbose stack     at ChildProcess.emit (events.js:191:7)
14 verbose stack     at maybeClose (internal/child_process.js:852:16)
14 verbose stack     at Process.ChildProcess._handle.onexit (internal/child_process.js:215:5)
15 verbose pkgid city-guide-app@1.0.0
16 verbose cwd /home/pbweb/web/node/cityguide
17 error Linux 3.19.0-25-generic
18 error argv "/usr/local/bin/node" "/usr/local/bin/npm" "run" "test:watch"
19 error node v6.2.2
20 error npm  v3.9.5
21 error code ELIFECYCLE
22 error city-guide-app@1.0.0 test:watch: `npm run test -- --watch`
22 error Exit status 1
23 error Failed at the city-guide-app@1.0.0 test:watch script 'npm run test -- --watch'.
23 error Make sure you have the latest version of node.js and npm installed.
23 error If you do, this is most likely a problem with the city-guide-app package,
23 error not with npm itself.
23 error Tell the author that this fails on your system:
23 error     npm run test -- --watch
23 error You can get information on how to open an issue for this project with:
23 error     npm bugs city-guide-app
23 error Or if that isn't available, you can get their info via:
23 error     npm owner ls city-guide-app
23 error There is likely additional logging output above.
24 verbose exit [ 1, true ]
